2021-04-30 10:07:39 [http-nio-8085-exec-6] INFO  c.d.s.controllers.ItemController - Get all items method accessed
2021-04-30 10:07:58 [http-nio-8085-exec-1] INFO  c.d.s.controllers.ItemController - Get all items method accessed
2021-04-30 10:09:36 [http-nio-8085-exec-4] INFO  c.d.s.controllers.ItemController - Item added by user. Item name is Cupboard
2021-04-30 10:09:51 [http-nio-8085-exec-9] INFO  c.d.s.controllers.ItemController - Get all items method accessed
2021-04-30 11:00:40 [http-nio-8085-exec-9] INFO  c.d.s.controllers.ItemController - get user items method accessed
2021-04-30 11:00:54 [http-nio-8085-exec-1] INFO  c.d.s.controllers.ItemController - get user items method accessed
2021-04-30 11:01:36 [http-nio-8085-exec-3] INFO  c.d.s.controllers.ItemController - get user items method accessed
2021-04-30 11:01:45 [http-nio-8085-exec-5] INFO  c.d.s.controllers.ItemController - get user items method accessed
2021-04-30 11:02:05 [http-nio-8085-exec-7] INFO  c.d.s.controllers.ItemController - get user items method accessed
2021-04-30 11:02:15 [http-nio-8085-exec-9] INFO  c.d.s.controllers.ItemController - get user items method accessed
2021-04-30 11:02:21 [http-nio-8085-exec-1] INFO  c.d.s.controllers.ItemController - get user items method accessed
2021-04-30 11:02:24 [http-nio-8085-exec-3] INFO  c.d.s.controllers.ItemController - get user items method accessed
2021-04-30 11:02:58 [http-nio-8085-exec-5] INFO  c.d.s.controllers.ItemController - get user items method accessed
2021-04-30 11:10:47 [http-nio-8085-exec-7] INFO  c.d.s.controllers.ItemController - get user items method accessed
2021-04-30 11:10:51 [http-nio-8085-exec-9] INFO  c.d.s.controllers.ItemController - get user items method accessed
2021-04-30 11:14:13 [http-nio-8085-exec-1] INFO  c.d.s.controllers.ItemController - get user items method accessed
2021-04-30 11:15:12 [http-nio-8085-exec-3] INFO  c.d.s.controllers.ItemController - get user items method accessed
2021-04-30 11:16:12 [http-nio-8085-exec-5] INFO  c.d.s.controllers.ItemController - get user items method accessed
2021-04-30 11:16:15 [http-nio-8085-exec-7] INFO  c.d.s.controllers.ItemController - get user items method accessed
2021-04-30 11:16:17 [http-nio-8085-exec-8] INFO  c.d.s.controllers.ItemController - get user items method accessed
2021-04-30 11:16:23 [http-nio-8085-exec-10] INFO  c.d.s.controllers.ItemController - get user items method accessed
2021-04-30 11:17:43 [http-nio-8085-exec-2] INFO  c.d.s.controllers.ItemController - get user items method accessed
2021-04-30 11:18:10 [http-nio-8085-exec-4] INFO  c.d.s.controllers.ItemController - get user items method accessed
2021-04-30 11:18:31 [http-nio-8085-exec-6] INFO  c.d.s.controllers.ItemController - get user items method accessed
2021-04-30 11:19:10 [http-nio-8085-exec-8] INFO  c.d.s.controllers.ItemController - get user items method accessed
2021-04-30 11:19:24 [http-nio-8085-exec-10] INFO  c.d.s.controllers.ItemController - get user items method accessed
2021-04-30 11:20:00 [http-nio-8085-exec-2] INFO  c.d.s.controllers.ItemController - get user items method accessed
2021-04-30 11:23:46 [http-nio-8085-exec-4] INFO  c.d.s.controllers.ItemController - get user items method accessed
2021-04-30 11:23:58 [http-nio-8085-exec-6] INFO  c.d.s.controllers.ItemController - get user items method accessed
2021-04-30 11:24:43 [http-nio-8085-exec-8] INFO  c.d.s.controllers.ItemController - get user items method accessed
2021-04-30 11:25:21 [http-nio-8085-exec-10] INFO  c.d.s.controllers.ItemController - get user items method accessed
2021-04-30 11:25:54 [http-nio-8085-exec-2] INFO  c.d.s.controllers.ItemController - get user items method accessed
2021-04-30 11:26:14 [http-nio-8085-exec-4] INFO  c.d.s.controllers.ItemController - get user items method accessed
2021-04-30 11:28:28 [http-nio-8085-exec-6] INFO  c.d.s.controllers.ItemController - get user items method accessed
2021-04-30 11:35:56 [http-nio-8085-exec-9] INFO  c.d.s.controllers.ItemController - get user items method accessed
2021-04-30 11:36:56 [http-nio-8085-exec-1] INFO  c.d.s.controllers.ItemController - get user items method accessed
2021-04-30 11:38:12 [http-nio-8085-exec-3] INFO  c.d.s.controllers.ItemController - get user items method accessed
2021-04-30 11:38:29 [http-nio-8085-exec-5] INFO  c.d.s.controllers.ItemController - get user items method accessed
2021-04-30 11:48:42 [http-nio-8085-exec-7] INFO  c.d.s.controllers.ItemController - get user items method accessed
2021-04-30 11:48:55 [http-nio-8085-exec-2] INFO  c.d.s.controllers.ItemController - get user items method accessed
2021-04-30 11:55:58 [http-nio-8085-exec-4] INFO  c.d.s.controllers.ItemController - get user items method accessed
2021-04-30 11:56:41 [http-nio-8085-exec-6] INFO  c.d.s.controllers.ItemController - get user items method accessed
2021-04-30 11:56:46 [http-nio-8085-exec-8] INFO  c.d.s.controllers.ItemController - get user items method accessed
2021-04-30 11:56:49 [http-nio-8085-exec-10] INFO  c.d.s.controllers.ItemController - get user items method accessed
2021-04-30 11:56:52 [http-nio-8085-exec-1] INFO  c.d.s.controllers.ItemController - get user items method accessed
2021-04-30 11:57:59 [http-nio-8085-exec-3] INFO  c.d.s.controllers.ItemController - get user items method accessed
2021-04-30 11:58:11 [http-nio-8085-exec-5] INFO  c.d.s.controllers.ItemController - get user items method accessed
2021-04-30 11:58:15 [http-nio-8085-exec-7] INFO  c.d.s.controllers.ItemController - get user items method accessed
2021-04-30 11:58:32 [http-nio-8085-exec-9] INFO  c.d.s.controllers.ItemController - get user items method accessed
2021-04-30 12:00:23 [http-nio-8085-exec-1] INFO  c.d.s.controllers.ItemController - get user items method accessed
2021-04-30 12:00:34 [http-nio-8085-exec-3] INFO  c.d.s.controllers.ItemController - get user items method accessed
2021-04-30 12:00:42 [http-nio-8085-exec-5] INFO  c.d.s.controllers.ItemController - get user items method accessed
2021-04-30 12:01:07 [http-nio-8085-exec-7] INFO  c.d.s.controllers.ItemController - get user items method accessed
2021-04-30 12:01:26 [http-nio-8085-exec-9] INFO  c.d.s.controllers.ItemController - get user items method accessed
2021-04-30 12:02:18 [http-nio-8085-exec-1] INFO  c.d.s.controllers.ItemController - get user items method accessed
2021-04-30 12:02:25 [http-nio-8085-exec-3] INFO  c.d.s.controllers.ItemController - get user items method accessed
2021-04-30 12:02:36 [http-nio-8085-exec-5] INFO  c.d.s.controllers.ItemController - get user items method accessed
2021-04-30 12:02:51 [http-nio-8085-exec-7] INFO  c.d.s.controllers.ItemController - get user items method accessed
2021-04-30 12:03:39 [http-nio-8085-exec-9] INFO  c.d.s.controllers.ItemController - get user items method accessed
2021-04-30 12:03:58 [http-nio-8085-exec-1] INFO  c.d.s.controllers.ItemController - get user items method accessed
2021-04-30 12:04:01 [http-nio-8085-exec-3] INFO  c.d.s.controllers.ItemController - get user items method accessed
2021-04-30 12:05:17 [http-nio-8085-exec-5] INFO  c.d.s.controllers.ItemController - get user items method accessed
2021-04-30 12:05:27 [http-nio-8085-exec-7] INFO  c.d.s.controllers.ItemController - get user items method accessed
2021-04-30 12:05:42 [http-nio-8085-exec-9] INFO  c.d.s.controllers.ItemController - get user items method accessed
2021-04-30 12:05:54 [http-nio-8085-exec-1] INFO  c.d.s.controllers.ItemController - get user items method accessed
2021-04-30 12:05:58 [http-nio-8085-exec-3] INFO  c.d.s.controllers.ItemController - get user items method accessed
2021-04-30 12:07:02 [http-nio-8085-exec-5] INFO  c.d.s.controllers.ItemController - get user items method accessed
2021-04-30 12:07:09 [http-nio-8085-exec-10] INFO  c.d.s.controllers.ItemController - get user items method accessed
2021-04-30 12:12:15 [http-nio-8085-exec-1] INFO  c.d.s.controllers.ItemController - get user items method accessed
2021-04-30 12:12:20 [http-nio-8085-exec-4] INFO  c.d.s.controllers.ItemController - get user items method accessed
2021-04-30 12:28:21 [http-nio-8085-exec-8] INFO  c.d.s.controllers.ItemController - get user items method accessed
2021-04-30 12:30:16 [http-nio-8085-exec-10] INFO  c.d.s.controllers.ItemController - get user items method accessed
2021-04-30 12:30:31 [http-nio-8085-exec-2] INFO  c.d.s.controllers.ItemController - get user items method accessed
2021-04-30 12:30:42 [http-nio-8085-exec-5] INFO  c.d.s.controllers.ItemController - get user items method accessed
2021-04-30 12:35:14 [http-nio-8085-exec-3] INFO  c.d.s.controllers.ItemController - get user items method accessed
2021-04-30 12:42:42 [http-nio-8085-exec-8] INFO  c.d.s.controllers.ItemController - get user bids method accessed
2021-04-30 12:42:43 [http-nio-8085-exec-10] INFO  c.d.s.controllers.ItemController - Get all items method accessed
2021-04-30 12:42:48 [http-nio-8085-exec-6] INFO  c.d.s.controllers.ItemController - Get all items method accessed
2021-04-30 12:42:49 [http-nio-8085-exec-8] INFO  c.d.s.controllers.ItemController - get user bids method accessed
2021-04-30 12:42:50 [http-nio-8085-exec-2] INFO  c.d.s.controllers.ItemController - Get all items method accessed
2021-04-30 12:42:53 [http-nio-8085-exec-3] INFO  c.d.s.controllers.ItemController - Get all items method accessed
2021-04-30 12:42:55 [http-nio-8085-exec-1] INFO  c.d.s.controllers.ItemController - Get all items method accessed
2021-04-30 12:42:57 [http-nio-8085-exec-10] INFO  c.d.s.controllers.ItemController - get user bids method accessed
2021-04-30 12:42:57 [http-nio-8085-exec-2] INFO  c.d.s.controllers.ItemController - Get all items method accessed
2021-04-30 12:43:38 [http-nio-8085-exec-4] INFO  c.d.s.controllers.ItemController - get user items method accessed
2021-04-30 12:44:32 [http-nio-8085-exec-3] INFO  c.d.s.controllers.ItemController - get user items method accessed
2021-04-30 12:44:37 [http-nio-8085-exec-6] INFO  c.d.s.controllers.ItemController - get user items method accessed
2021-04-30 12:45:02 [http-nio-8085-exec-3] INFO  c.d.s.controllers.ItemController - get user items method accessed
2021-04-30 12:45:12 [http-nio-8085-exec-6] INFO  c.d.s.controllers.ItemController - get user bids method accessed
2021-04-30 12:45:13 [http-nio-8085-exec-8] INFO  c.d.s.controllers.ItemController - Get all items method accessed
2021-04-30 12:45:20 [http-nio-8085-exec-2] INFO  c.d.s.controllers.ItemController - get user bids method accessed
2021-04-30 12:45:20 [http-nio-8085-exec-3] INFO  c.d.s.controllers.BidsController - New bid added  for item with id 29
2021-04-30 12:45:23 [http-nio-8085-exec-5] INFO  c.d.s.controllers.ItemController - get user bids method accessed
2021-04-30 12:45:26 [http-nio-8085-exec-9] INFO  c.d.s.controllers.ItemController - Get all items method accessed
